2014-09-28 13:11:02.493 BadgeExample[88362:1278285] DiskCookieStorage changing policy from 2 to 0, cookie file: file:///Users/sebastian/Library/Developer/CoreSimulator/Devices/38259AAA-5043-4DE1-B405-9D4AAEA338CF/data/Containers/Data/Application/364C8266-2B6C-4A32-B445-C722535D3BDB/Library/Cookies/Cookies.binarycookies
2014-09-28 13:11:02.580 BadgeExample[88362:1278285] Apache Cordova native platform version 3.6.3 is starting.
2014-09-28 13:11:02.580 BadgeExample[88362:1278285] Multi-tasking -> Device: YES, App: YES
2014-09-28 13:11:02.607 BadgeExample[88362:1278285] Unlimited access to network resources
2014-09-28 13:11:02.617 BadgeExample[88362:1278285] 

Started backup to iCloud! Please be careful.
Your application might be rejected by Apple if you store too much data.
For more information please read "iOS Data Storage Guidelines" at:
https://developer.apple.com/icloud/documentation/data-storage/

2014-09-28 13:11:03.419 BadgeExample[88362:1278285] Resetting plugins due to page load.
2014-09-28 13:11:03.623 BadgeExample[88362:1278285] Finished load of: file:///Users/sebastian/Library/Developer/CoreSimulator/Devices/38259AAA-5043-4DE1-B405-9D4AAEA338CF/data/Containers/Bundle/Application/79F03061-EA9A-4774-BD6D-D2C8EFDFDEEE/BadgeExample.app/www/index.html
2014-09-28 13:26:58.499 BadgeExample[88660:1285581] DiskCookieStorage changing policy from 2 to 0, cookie file: file:///Users/sebastian/Library/Developer/CoreSimulator/Devices/38259AAA-5043-4DE1-B405-9D4AAEA338CF/data/Containers/Data/Application/47319024-B621-4644-989E-2ECF71B29836/Library/Cookies/Cookies.binarycookies
2014-09-28 13:26:58.608 BadgeExample[88660:1285581] Apache Cordova native platform version 3.6.3 is starting.
2014-09-28 13:26:58.608 BadgeExample[88660:1285581] Multi-tasking -> Device: YES, App: YES
2014-09-28 13:26:58.613 BadgeExample[88660:1285581] Unlimited access to network resources
2014-09-28 13:26:58.616 BadgeExample[88660:1285581] 

Started backup to iCloud! Please be careful.
Your application might be rejected by Apple if you store too much data.
For more information please read "iOS Data Storage Guidelines" at:
https://developer.apple.com/icloud/documentation/data-storage/

2014-09-28 13:26:58.769 BadgeExample[88660:1285581] Resetting plugins due to page load.
2014-09-28 13:26:58.805 BadgeExample[88660:1285581] Finished load of: file:///Users/sebastian/Library/Developer/CoreSimulator/Devices/38259AAA-5043-4DE1-B405-9D4AAEA338CF/data/Containers/Bundle/Application/DCC791E0-29BE-4D7F-9F0C-B126394904F5/BadgeExample.app/www/index.html
2014-09-28 13:28:06.527 BadgeExample[88798:1286805] DiskCookieStorage changing policy from 2 to 0, cookie file: file:///Users/sebastian/Library/Developer/CoreSimulator/Devices/38259AAA-5043-4DE1-B405-9D4AAEA338CF/data/Containers/Data/Application/5CCD4ADF-D9AF-42B4-94BD-7BF37DF29D44/Library/Cookies/Cookies.binarycookies
2014-09-28 13:28:06.594 BadgeExample[88798:1286805] Apache Cordova native platform version 3.6.3 is starting.
2014-09-28 13:28:06.594 BadgeExample[88798:1286805] Multi-tasking -> Device: YES, App: YES
2014-09-28 13:28:06.599 BadgeExample[88798:1286805] Unlimited access to network resources
2014-09-28 13:28:06.601 BadgeExample[88798:1286805] 

Started backup to iCloud! Please be careful.
Your application might be rejected by Apple if you store too much data.
For more information please read "iOS Data Storage Guidelines" at:
https://developer.apple.com/icloud/documentation/data-storage/

2014-09-28 13:28:06.789 BadgeExample[88798:1286805] Resetting plugins due to page load.
2014-09-28 13:28:06.820 BadgeExample[88798:1286805] Finished load of: file:///Users/sebastian/Library/Developer/CoreSimulator/Devices/38259AAA-5043-4DE1-B405-9D4AAEA338CF/data/Containers/Bundle/Application/A3F1380D-1D29-40CA-98B2-187B8464AA2C/BadgeExample.app/www/index.html
2014-09-28 13:32:46.458 BadgeExample[89144:1291553] DiskCookieStorage changing policy from 2 to 0, cookie file: file:///Users/sebastian/Library/Developer/CoreSimulator/Devices/38259AAA-5043-4DE1-B405-9D4AAEA338CF/data/Containers/Data/Application/674D393B-1B68-4441-BC8D-F6745F07BAE8/Library/Cookies/Cookies.binarycookies
2014-09-28 13:32:46.526 BadgeExample[89144:1291553] Apache Cordova native platform version 3.6.3 is starting.
2014-09-28 13:32:46.527 BadgeExample[89144:1291553] Multi-tasking -> Device: YES, App: YES
2014-09-28 13:32:46.534 BadgeExample[89144:1291553] Unlimited access to network resources
2014-09-28 13:32:46.536 BadgeExample[89144:1291553] 

Started backup to iCloud! Please be careful.
Your application might be rejected by Apple if you store too much data.
For more information please read "iOS Data Storage Guidelines" at:
https://developer.apple.com/icloud/documentation/data-storage/

2014-09-28 13:32:46.679 BadgeExample[89144:1291553] Resetting plugins due to page load.
2014-09-28 13:32:46.725 BadgeExample[89144:1291553] Finished load of: file:///Users/sebastian/Library/Developer/CoreSimulator/Devices/38259AAA-5043-4DE1-B405-9D4AAEA338CF/data/Containers/Bundle/Application/334F60DB-7609-4907-8126-5CD21CDAC391/BadgeExample.app/www/index.html
